(venv) Glaciers-MacBook-Pro:poc glacierali$ python gentests_project.py /Users/glacierali/Downloads/Calculator-master/src/main/java/com/houarizegai/calculator -o /Users/glacierali/Downloads/Calculator-master/src/test/java/com/houarizegai/calculator
/Users/glacierali/repos/MEX/poc/venv/lib/python3.9/site-packages/urllib3/__init__.py:35: NotOpenSSLWarning: urllib3 v2 only supports OpenSSL 1.1.1+, currently the 'ssl' module is compiled with 'LibreSSL 2.8.3'. See: https://github.com/urllib3/urllib3/issues/3020
  warnings.warn(


running command:  ['java', '-cp', '/Users/glacierali/repos/MEX/poc/Parser/target/classes:/Users/glacierali/.m2/repository/org/antlr/antlr4-runtime/4.13.1/antlr4-runtime-4.13.1.jar', 'parser.ContextExtractor', '/Users/glacierali/Downloads/Calculator-master/src/main/java/com/houarizegai/calculator/App.java']
Sucessfully invoked program parser.ContextExtractor.


running command:  ['java', '-cp', '/Users/glacierali/repos/MEX/poc/Parser/target/classes:/Users/glacierali/.m2/repository/org/antlr/antlr4-runtime/4.13.1/antlr4-runtime-4.13.1.jar', 'parser.MethodExtractor', '/Users/glacierali/Downloads/Calculator-master/src/main/java/com/houarizegai/calculator/App.java']
Sucessfully invoked program parser.MethodExtractor.
Traceback (most recent call last):
  File "/Users/glacierali/repos/MEX/poc/gentests.py", line 250, in <module>
    main()
  File "/Users/glacierali/repos/MEX/poc/gentests.py", line 243, in main
    location_prompts = construct_prompt(class_name, path_methods, path_context)
  File "/Users/glacierali/repos/MEX/poc/gentests.py", line 71, in construct_prompt
    for method_filename in os.listdir(path_parsed_methods):
FileNotFoundError: [Errno 2] No such file or directory: '/Users/glacierali/repos/MEX/poc/parser_output/App_methods'
/Users/glacierali/repos/MEX/poc/venv/lib/python3.9/site-packages/urllib3/__init__.py:35: NotOpenSSLWarning: urllib3 v2 only supports OpenSSL 1.1.1+, currently the 'ssl' module is compiled with 'LibreSSL 2.8.3'. See: https://github.com/urllib3/urllib3/issues/3020
  warnings.warn(


running command:  ['java', '-cp', '/Users/glacierali/repos/MEX/poc/Parser/target/classes:/Users/glacierali/.m2/repository/org/antlr/antlr4-runtime/4.13.1/antlr4-runtime-4.13.1.jar', 'parser.ContextExtractor', '/Users/glacierali/Downloads/Calculator-master/src/main/java/com/houarizegai/calculator/ui/CalculatorUI.java']
Sucessfully invoked program parser.ContextExtractor.


running command:  ['java', '-cp', '/Users/glacierali/repos/MEX/poc/Parser/target/classes:/Users/glacierali/.m2/repository/org/antlr/antlr4-runtime/4.13.1/antlr4-runtime-4.13.1.jar', 'parser.MethodExtractor', '/Users/glacierali/Downloads/Calculator-master/src/main/java/com/houarizegai/calculator/ui/CalculatorUI.java']
Sucessfully invoked program parser.MethodExtractor.
Traceback (most recent call last):
  File "/Users/glacierali/repos/MEX/poc/gentests.py", line 250, in <module>
    main()
  File "/Users/glacierali/repos/MEX/poc/gentests.py", line 243, in main
    location_prompts = construct_prompt(class_name, path_methods, path_context)
  File "/Users/glacierali/repos/MEX/poc/gentests.py", line 71, in construct_prompt
    for method_filename in os.listdir(path_parsed_methods):
FileNotFoundError: [Errno 2] No such file or directory: '/Users/glacierali/repos/MEX/poc/parser_output/CalculatorUI_methods'
/Users/glacierali/repos/MEX/poc/venv/lib/python3.9/site-packages/urllib3/__init__.py:35: NotOpenSSLWarning: urllib3 v2 only supports OpenSSL 1.1.1+, currently the 'ssl' module is compiled with 'LibreSSL 2.8.3'. See: https://github.com/urllib3/urllib3/issues/3020
  warnings.warn(


running command:  ['java', '-cp', '/Users/glacierali/repos/MEX/poc/Parser/target/classes:/Users/glacierali/.m2/repository/org/antlr/antlr4-runtime/4.13.1/antlr4-runtime-4.13.1.jar', 'parser.ContextExtractor', '/Users/glacierali/Downloads/Calculator-master/src/main/java/com/houarizegai/calculator/util/ColorUtil.java']
Sucessfully invoked program parser.ContextExtractor.


running command:  ['java', '-cp', '/Users/glacierali/repos/MEX/poc/Parser/target/classes:/Users/glacierali/.m2/repository/org/antlr/antlr4-runtime/4.13.1/antlr4-runtime-4.13.1.jar', 'parser.MethodExtractor', '/Users/glacierali/Downloads/Calculator-master/src/main/java/com/houarizegai/calculator/util/ColorUtil.java']
Sucessfully invoked program parser.MethodExtractor.
Traceback (most recent call last):
  File "/Users/glacierali/repos/MEX/poc/gentests.py", line 250, in <module>
    main()
  File "/Users/glacierali/repos/MEX/poc/gentests.py", line 243, in main
    location_prompts = construct_prompt(class_name, path_methods, path_context)
  File "/Users/glacierali/repos/MEX/poc/gentests.py", line 71, in construct_prompt
    for method_filename in os.listdir(path_parsed_methods):
FileNotFoundError: [Errno 2] No such file or directory: '/Users/glacierali/repos/MEX/poc/parser_output/ColorUtil_methods'
/Users/glacierali/repos/MEX/poc/venv/lib/python3.9/site-packages/urllib3/__init__.py:35: NotOpenSSLWarning: urllib3 v2 only supports OpenSSL 1.1.1+, currently the 'ssl' module is compiled with 'LibreSSL 2.8.3'. See: https://github.com/urllib3/urllib3/issues/3020
  warnings.warn(


running command:  ['java', '-cp', '/Users/glacierali/repos/MEX/poc/Parser/target/classes:/Users/glacierali/.m2/repository/org/antlr/antlr4-runtime/4.13.1/antlr4-runtime-4.13.1.jar', 'parser.ContextExtractor', '/Users/glacierali/Downloads/Calculator-master/src/main/java/com/houarizegai/calculator/theme/ThemeLoader.java']
Sucessfully invoked program parser.ContextExtractor.


running command:  ['java', '-cp', '/Users/glacierali/repos/MEX/poc/Parser/target/classes:/Users/glacierali/.m2/repository/org/antlr/antlr4-runtime/4.13.1/antlr4-runtime-4.13.1.jar', 'parser.MethodExtractor', '/Users/glacierali/Downloads/Calculator-master/src/main/java/com/houarizegai/calculator/theme/ThemeLoader.java']
Sucessfully invoked program parser.MethodExtractor.
Traceback (most recent call last):
  File "/Users/glacierali/repos/MEX/poc/gentests.py", line 250, in <module>
    main()
  File "/Users/glacierali/repos/MEX/poc/gentests.py", line 243, in main
    location_prompts = construct_prompt(class_name, path_methods, path_context)
  File "/Users/glacierali/repos/MEX/poc/gentests.py", line 71, in construct_prompt
    for method_filename in os.listdir(path_parsed_methods):
FileNotFoundError: [Errno 2] No such file or directory: '/Users/glacierali/repos/MEX/poc/parser_output/ThemeLoader_methods'
/Users/glacierali/repos/MEX/poc/venv/lib/python3.9/site-packages/urllib3/__init__.py:35: NotOpenSSLWarning: urllib3 v2 only supports OpenSSL 1.1.1+, currently the 'ssl' module is compiled with 'LibreSSL 2.8.3'. See: https://github.com/urllib3/urllib3/issues/3020
  warnings.warn(


running command:  ['java', '-cp', '/Users/glacierali/repos/MEX/poc/Parser/target/classes:/Users/glacierali/.m2/repository/org/antlr/antlr4-runtime/4.13.1/antlr4-runtime-4.13.1.jar', 'parser.ContextExtractor', '/Users/glacierali/Downloads/Calculator-master/src/main/java/com/houarizegai/calculator/theme/properties/ThemeList.java']
Sucessfully invoked program parser.ContextExtractor.


running command:  ['java', '-cp', '/Users/glacierali/repos/MEX/poc/Parser/target/classes:/Users/glacierali/.m2/repository/org/antlr/antlr4-runtime/4.13.1/antlr4-runtime-4.13.1.jar', 'parser.MethodExtractor', '/Users/glacierali/Downloads/Calculator-master/src/main/java/com/houarizegai/calculator/theme/properties/ThemeList.java']
Sucessfully invoked program parser.MethodExtractor.
Traceback (most recent call last):
  File "/Users/glacierali/repos/MEX/poc/gentests.py", line 250, in <module>
    main()
  File "/Users/glacierali/repos/MEX/poc/gentests.py", line 243, in main
    location_prompts = construct_prompt(class_name, path_methods, path_context)
  File "/Users/glacierali/repos/MEX/poc/gentests.py", line 71, in construct_prompt
    for method_filename in os.listdir(path_parsed_methods):
FileNotFoundError: [Errno 2] No such file or directory: '/Users/glacierali/repos/MEX/poc/parser_output/ThemeList_methods'
/Users/glacierali/repos/MEX/poc/venv/lib/python3.9/site-packages/urllib3/__init__.py:35: NotOpenSSLWarning: urllib3 v2 only supports OpenSSL 1.1.1+, currently the 'ssl' module is compiled with 'LibreSSL 2.8.3'. See: https://github.com/urllib3/urllib3/issues/3020
  warnings.warn(


running command:  ['java', '-cp', '/Users/glacierali/repos/MEX/poc/Parser/target/classes:/Users/glacierali/.m2/repository/org/antlr/antlr4-runtime/4.13.1/antlr4-runtime-4.13.1.jar', 'parser.ContextExtractor', '/Users/glacierali/Downloads/Calculator-master/src/main/java/com/houarizegai/calculator/theme/properties/Theme.java']
Sucessfully invoked program parser.ContextExtractor.


running command:  ['java', '-cp', '/Users/glacierali/repos/MEX/poc/Parser/target/classes:/Users/glacierali/.m2/repository/org/antlr/antlr4-runtime/4.13.1/antlr4-runtime-4.13.1.jar', 'parser.MethodExtractor', '/Users/glacierali/Downloads/Calculator-master/src/main/java/com/houarizegai/calculator/theme/properties/Theme.java']
Sucessfully invoked program parser.MethodExtractor.
Traceback (most recent call last):
  File "/Users/glacierali/repos/MEX/poc/gentests.py", line 250, in <module>
    main()
  File "/Users/glacierali/repos/MEX/poc/gentests.py", line 243, in main
    location_prompts = construct_prompt(class_name, path_methods, path_context)
  File "/Users/glacierali/repos/MEX/poc/gentests.py", line 71, in construct_prompt
    for method_filename in os.listdir(path_parsed_methods):
FileNotFoundError: [Errno 2] No such file or directory: '/Users/glacierali/repos/MEX/poc/parser_output/Theme_methods'